------------------------------------------------------------
/home/usbong/.virtualenvs/usbong/bin/pip run on Mon Sep  2 10:04:36 2013
Downloading/unpacking allauth

  Getting page https://pypi.python.org/simple/allauth/
  Could not fetch URL https://pypi.python.org/simple/allauth/: HTTP Error 404: Not Found (allauth does not have any releases)
  Will skip URL https://pypi.python.org/simple/allauth/ when looking for download links for allauth
  Getting page https://pypi.python.org/simple/
  URLs to search for versions for allauth:
  * https://pypi.python.org/simple/allauth/
  Getting page https://pypi.python.org/simple/allauth/
  Could not fetch URL https://pypi.python.org/simple/allauth/: HTTP Error 404: Not Found (allauth does not have any releases)
  Will skip URL https://pypi.python.org/simple/allauth/ when looking for download links for allauth
  Could not find any downloads that satisfy the requirement allauth

No distributions at all found for allauth

Exception information:
Traceback (most recent call last):
  File "/home/usbong/.virtualenvs/usbong/local/lib/python2.7/site-packages/pip-1.3.1-py2.7.egg/pip/basecommand.py", line 139, in main
    status = self.run(options, args)
  File "/home/usbong/.virtualenvs/usbong/local/lib/python2.7/site-packages/pip-1.3.1-py2.7.egg/pip/commands/install.py", line 266, in run
    requirement_set.prepare_files(finder, force_root_egg_info=self.bundle, bundle=self.bundle)
  File "/home/usbong/.virtualenvs/usbong/local/lib/python2.7/site-packages/pip-1.3.1-py2.7.egg/pip/req.py", line 1026, in prepare_files
    url = finder.find_requirement(req_to_install, upgrade=self.upgrade)
  File "/home/usbong/.virtualenvs/usbong/local/lib/python2.7/site-packages/pip-1.3.1-py2.7.egg/pip/index.py", line 171, in find_requirement
    raise DistributionNotFound('No distributions at all found for %s' % req)
DistributionNotFound: No distributions at all found for allauth
